Determining if the pthread_create exist failed with the following output:
Change Dir: /home/arth/ros/rotors_ws/build/rotors_gazebo_plugins/CMakeFiles/CMakeTmp

Run Build Command:"/usr/bin/make" "cmTC_caab2/fast"
/usr/bin/make -f CMakeFiles/cmTC_caab2.dir/build.make CMakeFiles/cmTC_caab2.dir/build
make[1]: Entering directory '/home/arth/ros/rotors_ws/build/rotors_gazebo_plugins/CMakeFiles/CMakeTmp'
Building C object CMakeFiles/cmTC_caab2.dir/CheckSymbolExists.c.o
/usr/bin/cc    -o CMakeFiles/cmTC_caab2.dir/CheckSymbolExists.c.o   -c /home/arth/ros/rotors_ws/build/rotors_gazebo_plugins/CMakeFiles/CMakeTmp/CheckSymbolExists.c
Linking C executable cmTC_caab2
/usr/bin/cmake -E cmake_link_script CMakeFiles/cmTC_caab2.dir/link.txt --verbose=1
/usr/bin/cc      -rdynamic CMakeFiles/cmTC_caab2.dir/CheckSymbolExists.c.o  -o cmTC_caab2 
CMakeFiles/cmTC_caab2.dir/CheckSymbolExists.c.o: In function `main':
CheckSymbolExists.c:(.text+0x1b): undefined reference to `pthread_create'
collect2: error: ld returned 1 exit status
CMakeFiles/cmTC_caab2.dir/build.make:97: recipe for target 'cmTC_caab2' failed
make[1]: *** [cmTC_caab2] Error 1
make[1]: Leaving directory '/home/arth/ros/rotors_ws/build/rotors_gazebo_plugins/CMakeFiles/CMakeTmp'
Makefile:126: recipe for target 'cmTC_caab2/fast' failed
make: *** [cmTC_caab2/fast] Error 2

File /home/arth/ros/rotors_ws/build/rotors_gazebo_plugins/CMakeFiles/CMakeTmp/CheckSymbolExists.c:
/* */
#include <pthread.h>

int main(int argc, char** argv)
{
  (void)argv;
#ifndef pthread_create
  return ((int*)(&pthread_create))[argc];
#else
  (void)argc;
  return 0;
#endif
}

Determining if the function pthread_create exists in the pthreads failed with the following output:
Change Dir: /home/arth/ros/rotors_ws/build/rotors_gazebo_plugins/CMakeFiles/CMakeTmp

Run Build Command:"/usr/bin/make" "cmTC_bdc3a/fast"
/usr/bin/make -f CMakeFiles/cmTC_bdc3a.dir/build.make CMakeFiles/cmTC_bdc3a.dir/build
make[1]: Entering directory '/home/arth/ros/rotors_ws/build/rotors_gazebo_plugins/CMakeFiles/CMakeTmp'
Building C object CMakeFiles/cmTC_bdc3a.dir/CheckFunctionExists.c.o
/usr/bin/cc   -DCHECK_FUNCTION_EXISTS=pthread_create   -o CMakeFiles/cmTC_bdc3a.dir/CheckFunctionExists.c.o   -c /usr/share/cmake-3.10/Modules/CheckFunctionExists.c
Linking C executable cmTC_bdc3a
/usr/bin/cmake -E cmake_link_script CMakeFiles/cmTC_bdc3a.dir/link.txt --verbose=1
/usr/bin/cc  -DCHECK_FUNCTION_EXISTS=pthread_create    -rdynamic CMakeFiles/cmTC_bdc3a.dir/CheckFunctionExists.c.o  -o cmTC_bdc3a -lpthreads 
/usr/bin/ld: cannot find -lpthreads
collect2: error: ld returned 1 exit status
CMakeFiles/cmTC_bdc3a.dir/build.make:97: recipe for target 'cmTC_bdc3a' failed
make[1]: *** [cmTC_bdc3a] Error 1
make[1]: Leaving directory '/home/arth/ros/rotors_ws/build/rotors_gazebo_plugins/CMakeFiles/CMakeTmp'
Makefile:126: recipe for target 'cmTC_bdc3a/fast' failed
make: *** [cmTC_bdc3a/fast] Error 2


