[01m[K/home/arth/ros/rotors_ws/src/opencv_converter/src/opencv_converter.cpp:[m[K In member function ‘[01m[Kvoid ImageConverter::imageCb(const ImageConstPtr&)[m[K’:
[01m[K/home/arth/ros/rotors_ws/src/opencv_converter/src/opencv_converter.cpp:52:5:[m[K [01;31m[Kerror: [m[K‘[01m[KnamedWindow[m[K’ was not declared in this scope
     [01;31m[KnamedWindow[m[K(image_window);
     [01;31m[K^~~~~~~~~~~[m[K
[01m[K/home/arth/ros/rotors_ws/src/opencv_converter/src/opencv_converter.cpp:52:5:[m[K [01;36m[Knote: [m[Ksuggested alternative:
In file included from [01m[K/usr/include/opencv2/highgui/highgui.hpp:48:0[m[K,
                 from [01m[K/home/arth/ros/rotors_ws/src/opencv_converter/src/opencv_converter.cpp:6[m[K:
[01m[K/usr/include/opencv2/highgui.hpp:305:19:[m[K [01;36m[Knote: [m[K  ‘[01m[Kcv::namedWindow[m[K’
 CV_EXPORTS_W void [01;36m[KnamedWindow[m[K(const String& winname, int flags = WINDOW_AUTOSIZE);
                   [01;36m[K^~~~~~~~~~~[m[K
[01m[K/home/arth/ros/rotors_ws/src/opencv_converter/src/opencv_converter.cpp:58:5:[m[K [01;31m[Kerror: [m[K‘[01m[KwaitKey[m[K’ was not declared in this scope
     [01;31m[KwaitKey[m[K(0);
     [01;31m[K^~~~~~~[m[K
[01m[K/home/arth/ros/rotors_ws/src/opencv_converter/src/opencv_converter.cpp:58:5:[m[K [01;36m[Knote: [m[Ksuggested alternative:
In file included from [01m[K/usr/include/opencv2/highgui/highgui.hpp:48:0[m[K,
                 from [01m[K/home/arth/ros/rotors_ws/src/opencv_converter/src/opencv_converter.cpp:6[m[K:
[01m[K/usr/include/opencv2/highgui.hpp:353:18:[m[K [01;36m[Knote: [m[K  ‘[01m[Kcv::waitKey[m[K’
 CV_EXPORTS_W int [01;36m[KwaitKey[m[K(int delay = 0);
                  [01;36m[K^~~~~~~[m[K
[01m[K/home/arth/ros/rotors_ws/src/opencv_converter/src/opencv_converter.cpp:61:5:[m[K [01;31m[Kerror: [m[K‘[01m[KdestroyWindow[m[K’ was not declared in this scope
     [01;31m[KdestroyWindow[m[K(image_window);
     [01;31m[K^~~~~~~~~~~~~[m[K
[01m[K/home/arth/ros/rotors_ws/src/opencv_converter/src/opencv_converter.cpp:61:5:[m[K [01;36m[Knote: [m[Ksuggested alternative:
In file included from [01m[K/usr/include/opencv2/highgui/highgui.hpp:48:0[m[K,
                 from [01m[K/home/arth/ros/rotors_ws/src/opencv_converter/src/opencv_converter.cpp:6[m[K:
[01m[K/usr/include/opencv2/highgui.hpp:313:19:[m[K [01;36m[Knote: [m[K  ‘[01m[Kcv::destroyWindow[m[K’
 CV_EXPORTS_W void [01;36m[KdestroyWindow[m[K(const String& winname);
                   [01;36m[K^~~~~~~~~~~~~[m[K
make[2]: *** [CMakeFiles/opencv_converter.dir/src/opencv_converter.cpp.o] Error 1
make[1]: *** [CMakeFiles/opencv_converter.dir/all] Error 2
make: *** [all] Error 2
