[01m[K/home/arth/ros/rotors_ws/src/opencv_converter/src/opencv_converter.cpp:[m[K In function ‘[01m[Kint main(int, char**)[m[K’:
[01m[K/home/arth/ros/rotors_ws/src/opencv_converter/src/opencv_converter.cpp:67:52:[m[K [01;31m[Kerror: [m[K‘[01m[Kcv_ptr[m[K’ was not declared in this scope
   cv::imwrite("/home/arth/Drone_shots/MapGen.jpg", [01;31m[Kcv_ptr[m[K->image);
                                                    [01;31m[K^~~~~~[m[K
[01m[K/home/arth/ros/rotors_ws/src/opencv_converter/src/opencv_converter.cpp:67:52:[m[K [01;36m[Knote: [m[Ksuggested alternative: ‘[01m[KcvDet[m[K’
   cv::imwrite("/home/arth/Drone_shots/MapGen.jpg", [01;36m[Kcv_ptr[m[K->image);
                                                    [01;36m[K^~~~~~[m[K
                                                    [32m[KcvDet[m[K
[01m[K/home/arth/ros/rotors_ws/src/opencv_converter/src/opencv_converter.cpp:84:3:[m[K [01;31m[Kerror: [m[K‘[01m[KnamedWindow[m[K’ was not declared in this scope
   [01;31m[KnamedWindow[m[K(image_window);
   [01;31m[K^~~~~~~~~~~[m[K
[01m[K/home/arth/ros/rotors_ws/src/opencv_converter/src/opencv_converter.cpp:84:3:[m[K [01;36m[Knote: [m[Ksuggested alternative:
In file included from [01m[K/usr/include/opencv2/highgui/highgui.hpp:48:0[m[K,
                 from [01m[K/home/arth/ros/rotors_ws/src/opencv_converter/src/opencv_converter.cpp:6[m[K:
[01m[K/usr/include/opencv2/highgui.hpp:305:19:[m[K [01;36m[Knote: [m[K  ‘[01m[Kcv::namedWindow[m[K’
 CV_EXPORTS_W void [01;36m[KnamedWindow[m[K(const String& winname, int flags = WINDOW_AUTOSIZE);
                   [01;36m[K^~~~~~~~~~~[m[K
[01m[K/home/arth/ros/rotors_ws/src/opencv_converter/src/opencv_converter.cpp:87:3:[m[K [01;31m[Kerror: [m[K‘[01m[Kimshow[m[K’ was not declared in this scope
   [01;31m[Kimshow[m[K(image_window, cv_ptr->image);
   [01;31m[K^~~~~~[m[K
[01m[K/home/arth/ros/rotors_ws/src/opencv_converter/src/opencv_converter.cpp:87:3:[m[K [01;36m[Knote: [m[Ksuggested alternative:
In file included from [01m[K/usr/include/opencv2/highgui/highgui.hpp:48:0[m[K,
                 from [01m[K/home/arth/ros/rotors_ws/src/opencv_converter/src/opencv_converter.cpp:6[m[K:
[01m[K/usr/include/opencv2/highgui.hpp:569:17:[m[K [01;36m[Knote: [m[K  ‘[01m[Kcv::imshow[m[K’
 CV_EXPORTS void [01;36m[Kimshow[m[K(const String& winname, const ogl::Texture2D& tex);
                 [01;36m[K^~~~~~[m[K
[01m[K/home/arth/ros/rotors_ws/src/opencv_converter/src/opencv_converter.cpp:90:3:[m[K [01;31m[Kerror: [m[K‘[01m[KwaitKey[m[K’ was not declared in this scope
   [01;31m[KwaitKey[m[K(0);
   [01;31m[K^~~~~~~[m[K
[01m[K/home/arth/ros/rotors_ws/src/opencv_converter/src/opencv_converter.cpp:90:3:[m[K [01;36m[Knote: [m[Ksuggested alternative:
In file included from [01m[K/usr/include/opencv2/highgui/highgui.hpp:48:0[m[K,
                 from [01m[K/home/arth/ros/rotors_ws/src/opencv_converter/src/opencv_converter.cpp:6[m[K:
[01m[K/usr/include/opencv2/highgui.hpp:353:18:[m[K [01;36m[Knote: [m[K  ‘[01m[Kcv::waitKey[m[K’
 CV_EXPORTS_W int [01;36m[KwaitKey[m[K(int delay = 0);
                  [01;36m[K^~~~~~~[m[K
[01m[K/home/arth/ros/rotors_ws/src/opencv_converter/src/opencv_converter.cpp:93:3:[m[K [01;31m[Kerror: [m[K‘[01m[KdestroyWindow[m[K’ was not declared in this scope
   [01;31m[KdestroyWindow[m[K(image_window);
   [01;31m[K^~~~~~~~~~~~~[m[K
[01m[K/home/arth/ros/rotors_ws/src/opencv_converter/src/opencv_converter.cpp:93:3:[m[K [01;36m[Knote: [m[Ksuggested alternative:
In file included from [01m[K/usr/include/opencv2/highgui/highgui.hpp:48:0[m[K,
                 from [01m[K/home/arth/ros/rotors_ws/src/opencv_converter/src/opencv_converter.cpp:6[m[K:
[01m[K/usr/include/opencv2/highgui.hpp:313:19:[m[K [01;36m[Knote: [m[K  ‘[01m[Kcv::destroyWindow[m[K’
 CV_EXPORTS_W void [01;36m[KdestroyWindow[m[K(const String& winname);
                   [01;36m[K^~~~~~~~~~~~~[m[K
make[2]: *** [CMakeFiles/opencv_converter.dir/src/opencv_converter.cpp.o] Error 1
make[1]: *** [CMakeFiles/opencv_converter.dir/all] Error 2
make: *** [all] Error 2
